<?xml version="1.0" encoding="UTF-8" ?>
<testsuite errors="0" failures="0" hostname="may2nd" name="com.googlecode.junittime.domain.TestCaseTest" tests="3" time="0.055" timestamp="2008-11-23T07:50:24">
  <properties>
    <property name="target" value="/home/dyang/Workspace/junit-time/target" />
    <property name="java.runtime.name" value="Java(TM) SE Runtime Environment" />
    <property name="sun.boot.library.path" value="/usr/lib/jvm/java-6-sun-1.6.0.06/jre/lib/i386" />
    <property name="target.reports" value="/home/dyang/Workspace/junit-time/target/reports" />
    <property name="java.vm.version" value="10.0-b22" />
    <property name="ant.file.junit-time" value="/home/dyang/Workspace/junit-time/build.xml" />
    <property name="ant.library.dir" value="/usr/share/ant/lib" />
    <property name="ant.version" value="Apache Ant version 1.7.0 compiled on August 29 2007" />
    <property name="ant.java.version" value="1.6" />
    <property name="java.vm.vendor" value="Sun Microsystems Inc." />
    <property name="java.vendor.url" value="http://java.sun.com/" />
    <property name="path.separator" value=":" />
    <property name="java.vm.name" value="Java HotSpot(TM) Server VM" />
    <property name="file.encoding.pkg" value="sun.io" />
    <property name="target.test" value="/home/dyang/Workspace/junit-time/target/test" />
    <property name="user.country" value="CN" />
    <property name="sun.java.launcher" value="SUN_STANDARD" />
    <property name="sun.os.patch.level" value="unknown" />
    <property name="test" value="/home/dyang/Workspace/junit-time/test" />
    <property name="java.vm.specification.name" value="Java Virtual Machine Specification" />
    <property name="user.dir" value="/home/dyang/Workspace/junit-time/target" />
    <property name="lib" value="/home/dyang/Workspace/junit-time/lib" />
    <property name="java.runtime.version" value="1.6.0_06-b02" />
    <property name="java.awt.graphicsenv" value="sun.awt.X11GraphicsEnvironment" />
    <property name="basedir" value="/home/dyang/Workspace/junit-time" />
    <property name="java.endorsed.dirs" value="/usr/lib/jvm/java-6-sun-1.6.0.06/jre/lib/endorsed" />
    <property name="os.arch" value="i386" />
    <property name="java.io.tmpdir" value="/tmp" />
    <property name="ant.core.lib" value="/usr/share/ant/lib/ant.jar" />
    <property name="line.separator" value="
" />
    <property name="java.vm.specification.vendor" value="Sun Microsystems Inc." />
    <property name="os.name" value="Linux" />
    <property name="ant.home" value="/usr/share/ant" />
    <property name="ant.project.name" value="junit-time" />
    <property name="sun.jnu.encoding" value="GB2312" />
    <property name="target.common" value="/home/dyang/Workspace/junit-time/target/common" />
    <property name="java.library.path" value="/usr/lib/jvm/java-6-sun-1.6.0.06/jre/lib/i386/server:/usr/lib/jvm/java-6-sun-1.6.0.06/jre/lib/i386:/usr/lib/jvm/java-6-sun-1.6.0.06/jre/../lib/i386:/usr/java/packages/lib/i386:/lib:/usr/lib" />
    <property name="src" value="/home/dyang/Workspace/junit-time/src" />
    <property name="java.class.version" value="50.0" />
    <property name="java.specification.name" value="Java Platform API Specification" />
    <property name="sun.management.compiler" value="HotSpot Tiered Compilers" />
    <property name="os.version" value="2.6.24-19-generic" />
    <property name="ant.file" value="/home/dyang/Workspace/junit-time/build.xml" />
    <property name="user.home" value="/home/dyang" />
    <property name="user.timezone" value="" />
    <property name="java.awt.printerjob" value="sun.print.PSPrinterJob" />
    <property name="file.encoding" value="GB2312" />
    <property name="java.specification.version" value="1.6" />
    <property name="user.name" value="dyang" />
    <property name="java.class.path" value="/home/dyang/Workspace/junit-time/lib/ant-1.7.0.jar:/home/dyang/Workspace/junit-time/lib/junit-4.4.jar:/home/dyang/Workspace/junit-time/target/common:/home/dyang/Workspace/junit-time/target/test:/usr/share/ant/lib/junit.jar:/usr/share/ant/lib/ant-launcher.jar:/usr/share/ant/lib/ant.jar:/usr/share/ant/lib/ant-junit.jar" />
    <property name="java.vm.specification.version" value="1.0" />
    <property name="java.home" value="/usr/lib/jvm/java-6-sun-1.6.0.06/jre" />
    <property name="sun.arch.data.model" value="32" />
    <property name="pattern.test" value="*Test.java" />
    <property name="java.specification.vendor" value="Sun Microsystems Inc." />
    <property name="user.language" value="zh" />
    <property name="java.vm.info" value="mixed mode" />
    <property name="java.version" value="1.6.0_06" />
    <property name="java.ext.dirs" value="/usr/lib/jvm/java-6-sun-1.6.0.06/jre/lib/ext:/usr/java/packages/lib/ext" />
    <property name="sun.boot.class.path" value="/usr/lib/jvm/java-6-sun-1.6.0.06/jre/lib/resources.jar:/usr/lib/jvm/java-6-sun-1.6.0.06/jre/lib/rt.jar:/usr/lib/jvm/java-6-sun-1.6.0.06/jre/lib/sunrsasign.jar:/usr/lib/jvm/java-6-sun-1.6.0.06/jre/lib/jsse.jar:/usr/lib/jvm/java-6-sun-1.6.0.06/jre/lib/jce.jar:/usr/lib/jvm/java-6-sun-1.6.0.06/jre/lib/charsets.jar:/usr/lib/jvm/java-6-sun-1.6.0.06/jre/classes" />
    <property name="java.vendor" value="Sun Microsystems Inc." />
    <property name="file.separator" value="/" />
    <property name="java.vendor.url.bug" value="http://java.sun.com/cgi-bin/bugreport.cgi" />
    <property name="sun.cpu.endian" value="little" />
    <property name="sun.io.unicode.encoding" value="UnicodeLittle" />
    <property name="sun.desktop" value="gnome" />
    <property name="sun.cpu.isalist" value="" />
  </properties>
  <testcase classname="com.googlecode.junittime.domain.TestCaseTest" name="shouldReturnOneIfAIsSlowerThanB" time="0.0010" />
  <testcase classname="com.googlecode.junittime.domain.TestCaseTest" name="shouldReturnMinusOneIfAIsFasterThanB" time="0.0010" />
  <testcase classname="com.googlecode.junittime.domain.TestCaseTest" name="shouldReturnZeroIfAEqualsToB" time="0.0010" />
  <system-out><![CDATA[]]></system-out>
  <system-err><![CDATA[]]></system-err>
</testsuite>
